<?xml version="1.0" encoding="UTF-8"?>
<!-- Generated by org.testng.reporters.JUnitReportReporter -->
<testsuite hostname="LAPTOP-7DB4GVKK" failures="0" tests="3" name="com.demoQA.tests.Element_Page_Test" time="0.638" errors="0" timestamp="2022-09-06T20:04:36 IST" skipped="0">
  <testcase classname="com.demoQA.tests.Element_Page_Test" name="testRadioButtons" time="0.151"/>
  <system-out/>
  <testcase classname="com.demoQA.tests.Element_Page_Test" name="testTextBox" time="0.230"/>
  <system-out/>
  <testcase classname="com.demoQA.tests.Element_Page_Test" name="testCheckBox" time="0.257"/>
  <system-out/>
</testsuite> <!-- com.demoQA.tests.Element_Page_Test -->
