<?xml version="1.0" encoding="UTF-8"?>
<!-- Generated by org.testng.reporters.JUnitReportReporter -->
<testsuite hostname="LAPTOP-7DB4GVKK" failures="0" tests="3" name="com.demoQA.tests.Widgets_Test" time="0.249" errors="0" timestamp="2022-09-06T20:04:36 IST" skipped="0">
  <testcase classname="com.demoQA.tests.Widgets_Test" name="getTitleOFProgressBar" time="0.096"/>
  <system-out/>
  <testcase classname="com.demoQA.tests.Widgets_Test" name="getTitle" time="0.043"/>
  <system-out/>
  <testcase classname="com.demoQA.tests.Widgets_Test" name="getTitleOFDatepicker" time="0.110"/>
  <system-out/>
</testsuite> <!-- com.demoQA.tests.Widgets_Test -->
