<?xml version="1.0" encoding="UTF-8"?>
<!-- Generated by org.testng.reporters.JUnitReportReporter -->
<testsuite hostname="LAPTOP-7DB4GVKK" failures="0" tests="3" name="com.demoQA.tests.RadioButtons_Test" time="0.607" errors="0" timestamp="2022-09-06T20:04:36 IST" skipped="0">
  <testcase classname="com.demoQA.tests.RadioButtons_Test" name="testHeaderTxt" time="0.052"/>
  <system-out/>
  <testcase classname="com.demoQA.tests.RadioButtons_Test" name="testYesBtn" time="0.233"/>
  <system-out/>
  <testcase classname="com.demoQA.tests.RadioButtons_Test" name="testImpressiveBtn" time="0.322"/>
  <system-out/>
</testsuite> <!-- com.demoQA.tests.RadioButtons_Test -->
