<?xml version="1.0" encoding="UTF-8"?>
<!-- Generated by org.testng.reporters.JUnitReportReporter -->
<testsuite hostname="LAPTOP-7DB4GVKK" failures="0" tests="2" name="com.demoQA.tests.ProgressBar_Test" time="7.305" errors="0" timestamp="2022-09-06T20:04:36 IST" skipped="0">
  <testcase classname="com.demoQA.tests.ProgressBar_Test" name="verifyTitle" time="0.059"/>
  <system-out/>
  <testcase classname="com.demoQA.tests.ProgressBar_Test" name="verifyProgressBar" time="7.246"/>
  <system-out/>
</testsuite> <!-- com.demoQA.tests.ProgressBar_Test -->
