<?xml version="1.0" encoding="UTF-8"?>
<!-- Generated by org.testng.reporters.JUnitReportReporter -->
<testsuite skipped="0" hostname="LAPTOP-7DB4GVKK" name="com.demoQA.driverfactory.Sample" tests="3" failures="0" timestamp="2022-09-07T00:05:37 IST" time="0.009" errors="0">
  <testcase name="m1" time="0.002" classname="com.demoQA.driverfactory.Sample"/>
  <testcase name="m1" time="0.007" classname="com.demoQA.driverfactory.Sample"/>
  <testcase name="m1" time="0.000" classname="com.demoQA.driverfactory.Sample"/>
</testsuite> <!-- com.demoQA.driverfactory.Sample -->
