<?xml version="1.0" encoding="UTF-8"?>
<!-- Generated by org.testng.reporters.JUnitReportReporter -->
<testsuite skipped="0" hostname="LAPTOP-7DB4GVKK" name="com.orangehrm.qa.tests.Test_ResetPassword" tests="6" failures="0" timestamp="2022-08-28T11:00:20 IST" time="0.341" errors="0">
  <testcase name="testEnterUsername" time="0.110" classname="com.orangehrm.qa.tests.Test_ResetPassword"/>
  <testcase name="testResetPass" time="0.038" classname="com.orangehrm.qa.tests.Test_ResetPassword"/>
  <testcase name="testResetPassBtnISdisplay" time="0.058" classname="com.orangehrm.qa.tests.Test_ResetPassword"/>
  <testcase name="testCancelBtnDisplay" time="0.068" classname="com.orangehrm.qa.tests.Test_ResetPassword"/>
  <testcase name="testUsernameText" time="0.038" classname="com.orangehrm.qa.tests.Test_ResetPassword"/>
  <testcase name="testResetPassText" time="0.029" classname="com.orangehrm.qa.tests.Test_ResetPassword"/>
</testsuite> <!-- com.orangehrm.qa.tests.Test_ResetPassword -->
