<?xml version="1.0" encoding="UTF-8"?>
<!-- Generated by org.testng.reporters.JUnitReportReporter -->
<testsuite hostname="LAPTOP-7DB4GVKK" failures="0" tests="5" name="com.demoQA.tests.Alert_Test" time="5.829" errors="0" timestamp="2022-09-06T20:04:36 IST" skipped="0">
  <testcase classname="com.demoQA.tests.Alert_Test" name="testTimerAlert" time="5.274"/>
  <system-out/>
  <testcase classname="com.demoQA.tests.Alert_Test" name="testTitle" time="0.039"/>
  <system-out/>
  <testcase classname="com.demoQA.tests.Alert_Test" name="testPromptAlert" time="0.182"/>
  <system-out/>
  <testcase classname="com.demoQA.tests.Alert_Test" name="testConfirmAlert" time="0.204"/>
  <system-out/>
  <testcase classname="com.demoQA.tests.Alert_Test" name="testAlert" time="0.130"/>
  <system-out/>
</testsuite> <!-- com.demoQA.tests.Alert_Test -->
