<?xml version="1.0" encoding="UTF-8"?>
<!-- Generated by org.testng.reporters.JUnitReportReporter -->
<testsuite skipped="0" hostname="LAPTOP-7DB4GVKK" name="com.orangehrm.qa.tests.Test_PIMPage" tests="4" failures="0" timestamp="2022-08-29T07:14:07 IST" time="0.910" errors="0">
  <testcase name="testInclude_Emp" time="0.486" classname="com.orangehrm.qa.tests.Test_PIMPage"/>
  <testcase name="testSupervisorName" time="0.136" classname="com.orangehrm.qa.tests.Test_PIMPage"/>
  <testcase name="testEmpInfoText" time="0.077" classname="com.orangehrm.qa.tests.Test_PIMPage"/>
  <testcase name="testEmp_Id" time="0.211" classname="com.orangehrm.qa.tests.Test_PIMPage"/>
</testsuite> <!-- com.orangehrm.qa.tests.Test_PIMPage -->
