<?xml version="1.0" encoding="UTF-8"?>
<!-- Generated by org.testng.reporters.JUnitReportReporter -->
<testsuite skipped="0" hostname="LAPTOP-7DB4GVKK" name="com.orangehrm.qa.tests.Test_Performance_Page" tests="5" failures="0" timestamp="2022-08-29T07:14:07 IST" time="1.510" errors="0">
  <testcase name="testSubUnit" time="0.269" classname="com.orangehrm.qa.tests.Test_Performance_Page"/>
  <testcase name="testEmpName" time="0.204" classname="com.orangehrm.qa.tests.Test_Performance_Page"/>
  <testcase name="testJobTitle" time="0.314" classname="com.orangehrm.qa.tests.Test_Performance_Page"/>
  <testcase name="testReviewStatus" time="0.271" classname="com.orangehrm.qa.tests.Test_Performance_Page"/>
  <testcase name="testIncludeEmp" time="0.452" classname="com.orangehrm.qa.tests.Test_Performance_Page"/>
</testsuite> <!-- com.orangehrm.qa.tests.Test_Performance_Page -->
