<?xml version="1.0" encoding="UTF-8"?>
<!-- Generated by org.testng.reporters.JUnitReportReporter -->
<testsuite hostname="LAPTOP-7DB4GVKK" failures="0" tests="2" name="com.demoQA.tests.Frame_Test" time="0.524" errors="0" timestamp="2022-09-06T20:04:36 IST" skipped="0">
  <testcase classname="com.demoQA.tests.Frame_Test" name="verifyTitle" time="0.054"/>
  <system-out/>
  <testcase classname="com.demoQA.tests.Frame_Test" name="testFrame" time="0.470"/>
  <system-out/>
</testsuite> <!-- com.demoQA.tests.Frame_Test -->
