<?xml version="1.0" encoding="UTF-8"?>
<!-- Generated by org.testng.reporters.JUnitReportReporter -->
<testsuite hostname="LAPTOP-7DB4GVKK" failures="0" tests="2" name="com.demoQA.tests.NestedFrames_Test" time="0.398" errors="0" timestamp="2022-09-06T20:04:36 IST" skipped="0">
  <testcase classname="com.demoQA.tests.NestedFrames_Test" name="verifyTitle" time="0.039"/>
  <system-out/>
  <testcase classname="com.demoQA.tests.NestedFrames_Test" name="verifyNestedFrame" time="0.359"/>
  <system-out/>
</testsuite> <!-- com.demoQA.tests.NestedFrames_Test -->
