<?xml version="1.0" encoding="UTF-8"?>
<!-- Generated by org.testng.reporters.JUnitReportReporter -->
<testsuite hostname="LAPTOP-7DB4GVKK" failures="0" tests="1" name="com.demoQA.tests.HomePage_Test" time="0.215" errors="0" timestamp="2022-09-06T20:04:36 IST" skipped="0">
  <testcase classname="com.demoQA.tests.HomePage_Test" name="testElement" time="0.215"/>
  <system-out/>
</testsuite> <!-- com.demoQA.tests.HomePage_Test -->
